woman	1.0	a	u
tv	1.0	s
tree	1.0	l
tour	1.0
table	1.0	l
sootcase	1.0
sheep	1.0	a
sad	1.0
romance	1.0
rock	1.0	s
rip	1.0
picture	1.0	s
pencil	1.0	s
painting	1.0	s
officer	1.0	a
none	1.0
night	1.0
map	1.0	s
man	1.0	a	u
leaf	1.0	s
lamp	1.0	s
jail	1.0	l
i	1.0
house	1.0	l
home	1.0	l
hand	1.0	s
girl	1.0	a
fish	1.0	a
family	1.0
door	1.0	l
dinner	1.0	s
dark	1.0
cloth	1.0	s
childern	1.0
child	1.0	a
car	1.0	l
boy	1.0	a	u
bird	1.0	a
bike	1.0
baby	1.0	a	u
art	1.0
	1.0
advice	0.9842919431064979
pistol	0.9827640345772565	s
hungry	0.9815419631346238
man\	0.9805031958027602	a	u
lift	0.9805031958027602	l
beard	0.9787648302141296	s
blurry	0.9760434919668974
blood	0.9760434919668974
jewelry	0.9755007186877438	s
singing	0.9729037028781332
wa	0.9720038274730048
jeep	0.9720038274730048	l
fight	0.9699639739049533
happy	0.967466987348627
stage	0.9643730753438322	l
box	0.9629726615049884	s
ring	0.9624341252540196	s
boat	0.9624341252540196	l
pen	0.9598943349393577	s
kid	0.9594127954103973	a	u
screen	0.9575594324241422	l
floor	0.9551711363961339	l
sheet	0.9548928803970805	s
office	0.9547538142149243	l
blanket	0.953143773430565	s
forest	0.9520424556972062	l
surprise	0.9518808080990571
brick	0.9515088146534436	s
sofa	0.9509988594749055	l
policeman	0.9483952150526338	a	u
trunk	0.9480242586926222	l
glass	0.9478972908331303	s
space	0.9477914252269701
flower	0.9439882939973682	s
cute	0.943233779735394
seam	0.9428289593147018
field	0.9401030581677497	l
tw	0.9398698412037688
curtain	0.9397166857224833	l
talkimg	0.9384645911126717
hair	0.9366039306581746	s
shelf	0.9362636886855668	l
road	0.9349844137734729	l
shell	0.9345245483345889	s
doar	0.9327241226230426
mor	0.9326796159992338
newspaper	0.9310738255961015	s
ol	0.930931857548774
people	0.9307954789417373	a
waiting	0.9300217735645688
draw	0.9269302153961844
an	0.9267940388467573
on	0.926142701974744
playing	0.9259654452156025
laady	0.9258942894950585	a	u
studied	0.9252359031596357
glas	0.9245958318296583	s
copule	0.9202775812742333
phone	0.920117694313306	s
building	0.9198335515159145	l
ma	0.9160798490185291
camera	0.9156904817649931	s
gras	0.9115618423911642
dam	0.9114053648708337
pillar	0.9108217932933794	l
kis	0.9106789527937035
sketch	0.9098939273061996	s
roo	0.9095242213320741
shield	0.9085674000789022	l
persons\	0.9078997206969565	a	u
exhibition	0.907013025118094
stem	0.9053904726205163	s
town	0.9050599850071396	l
seeing	0.904771985687875
article	0.9039262885437067
shutter	0.901909737243837
feeling	0.9014670717946657
chair	0.9013785004852827	l
discusing	0.9002391674806639
study	0.8995951608010402
hospital	0.8991377810790839	l
background	0.8982803005906472
blac	0.8975502145881489
dor	0.8955741195658548
surprising	0.8952174768125897
senior	0.8952174768125897
electronic	0.8948822979295316
decorate	0.8929869874698284
window	0.8921594428306225	l
whistle	0.8898807282663185	s
girl'	0.8880681791346192	a	u
outing	0.8866675345745755
strin	0.8866090175633413
wall	0.8865393564605496	l
scarf	0.8841978807785027	s
stamp	0.8787819459745154	s
lef	0.8787819459745154
furniture	0.8748790591711048	l
bed	0.8746290068875338	l
burea	0.8731160701831014
light	0.872716664454894	l
va	0.8715041064115545
quest	0.8705700601192149
person	0.8694621789436222	a
clock	0.8692506459577277	s
song	0.8692138313660941
garriage	0.868017402799367
storeroom	0.8676633968622743	l
angry	0.8674101830676767
couple	0.867362522383195
stone	0.8669627266797083	s
violin	0.8666802780856977	s
christma	0.8661114966799989
bottle	0.8654738020891903	s
only	0.8648259586876638
lake	0.8640777340457457	l
shir	0.8638392990575122
drawing	0.8634603514325686	s
library	0.863418303671933	l
bench	0.8631019583751472	l
leef	0.8627049823853	s
killer	0.8625832243766477
finish	0.8616435133947083
aeroplane	0.8616435133947083	k
dustbin	0.8613063677489864	s
grandfather	0.8610956427275122	a	u
seeeing	0.8607978283240271
nude	0.8607841029984007
stock	0.8602217467081348
feeing	0.8595873266686179
shocking	0.8592744214070698
stair	0.8588076102642116
roof	0.8580099273096888	l
function	0.8554400751068624
chip	0.8546081196067388
lonely	0.8545445727902552
lea	0.854189613009031
magazine	0.853480840423589	s
stci	0.8532370690234905
couplesd	0.8530108860086548
handbag	0.8530085465258227	s
smal	0.8519143356823087
smile	0.8517149866948805
doll	0.8515958457729208	s
ceiling	0.8478268557604568
medicine	0.8469779347414731	s
sharing	0.84642281257725
blouse	0.8459375173770659	s
driving	0.8456961912053883
proud	0.8447108130201899
ghost	0.843025795807806	a
tie	0.8416829960962791	s
pencile	0.841536279923772	s
water	0.8412788779679048
writting	0.8408785315056507
horn	0.840070664985374	s
bleacher	0.8398606965475237
rain	0.8381553844833023
yoga	0.8379044087527888
movie	0.8376045496402771
piano	0.8371651187495714	l
female	0.8354936810937966	a	u
nose	0.8342907832301858	a	u
hotel	0.8332062339382106	l
model	0.8322313830825658
talking	0.8320381588815371
eyes.	0.8318782844765208
si	0.8310981370810019
fence	0.8303303983786834	l
watching	0.8301248255209106
windshield	0.8290419225675217	s
keep	0.827400435934848
microphone	0.8267798012978756	s
cryin	0.8256898213528115
head	0.8244131521531693
relaxing	0.8231389408830574
care	0.821897840940894
police	0.8210375763079397
sleeples	0.8205142871054827
inshed	0.8201912229867311
reception	0.8161452819487964
being.	0.8160519448139923
leady	0.8144585678411271
na	0.8141101533141529
slef	0.8131887863667683
tax	0.8129348167987982
slipped	0.8127349539977315
penci	0.8121612605536115	s
green	0.8120126212389194
hinge	0.8094076237839339
daylight	0.809122118761397
notebook	0.8088559010602652	s
vehicle	0.8077608238452499	l
speech	0.8076856761570289
cigarretee	0.8069663994968516	s
sin	0.8066090664899919
switch	0.8064693454803015	s
grl	0.8064083316689159
doorknob	0.8063227322460744
women	0.8060318469544425	a	u
emotional	0.8058411520988333
shadow	0.8052191977070065
briefcase	0.8044766835477323	l
sittin	0.8041806018015202
reading	0.8037762678552457
poor	0.8034518148827275
cellphone	0.8016648989405535	s
factory	0.8014631520041382	l
koit	0.8002865205637512
candil	0.7999781404539975
shirt	0.7997344885470957	s
mirror	0.7993835042842544	s
black\	0.7992597272579464
mecica	0.7969869979487078
dance	0.7963731589522574
parti	0.7954042663371407
pencil\	0.792290891288154	s
seat	0.7922248929382547	l
sleeping	0.7922157587129274
hunry	0.791796322393257
boating	0.7912900523541045
wallpaper	0.7910187856167356
mistake	0.7908190757975903
button	0.7898728298162488	s
sticking	0.7892403272590365
theatre	0.7880749452315159	l
shoe	0.787837739624045	s
well	0.7864331163880105
trim	0.7864035625322234
titanic	0.7860251765879817	l
compute	0.784870225375486
colorful	0.7845472311453902
lleaf	0.7844604232319595	s
left	0.7844604232319595
mountain	0.7843173594706747	l
computer	0.7833988608040363	s
foot	0.7828782234699294
srying	0.782504213284001
vision	0.7822946452169443
wire	0.7817312896192317	s
rowdy	0.7803897166590998
actor	0.7800683242535262
deskto	0.7797519791085266
lam	0.7789222453531224
human	0.7783241952921836	a	u
running	0.778143223252514
lamb	0.7774641164528399	a
ligting	0.7774163397398861
gir	0.7774015966129557
sunglas	0.7770969690737292	s
discussing	0.7769676908876977
suitcase	0.7763076105367409
crowed	0.7760775369621076
enjoying	0.77587730652701
villoage	0.7746934624038743
hostel\	0.7740067101785121	l
diner	0.7740067101785121	l
high	0.7738420216046897
fake	0.7735521699270484
rail	0.7727358733413945	l
curtian	0.7726684557071145
line	0.7723738414762862
calling	0.7721893665971562
coolin	0.7718437111297718
fir	0.7713714691209784
binocular	0.7709747659538425
free	0.7709495060744889
person'	0.7709446601175215
p	0.7690219485838681
phote	0.7686002193329348
win	0.7679771049393256
thre	0.7678162625482813
bedroom	0.7676589839460194	l
womanmroom	0.7675743404319603
thingking	0.7675731270068974
lazy	0.7675458032724928
women\	0.7672523186282761
freedom	0.767103815142624
lock	0.7660870074373622	s
romantic	0.765402431800371
invitation	0.7653804149329777
photo	0.7647129454721102	s
shipe	0.7638365735451472
see	0.7636607335568695
whit	0.7634114265472159
men	0.7632696109160214	a	u
rally	0.7620123187407034
ca	0.7620019628113236
men'	0.7608293590038717	a	u
snow	0.760778342819919
good	0.7599175518116935
desktop	0.7598821688443981
watch	0.7593347986099862	s
watcing	0.7586667570032287
flowerpot	0.7585135946135543	s
love	0.7580639664330907
decoration	0.757511179291145
plaque	0.7566320385088791
be	0.7560240025779956
shep	0.7550778527270189
drang	0.7550778527270189
pole	0.7546957500866098
ride	0.754662144820087
cycle	0.7545547191193467
conversation	0.7543600865447501
net	0.7541955852778232
temperature	0.7537995995493002
to	0.7537826838505737
cap	0.7534839448748282	s
show	0.7528920805225393
helmet	0.7526751819454068	s
grate	0.7525515407605682
hall	0.7523534959521276	l
straw	0.7521644351803001	s
following	0.7520645969428335
machine	0.7511180197138195	l
grou	0.7500630691361215
pub	0.7476297412376152	l
sue	0.7474104331266538
simple	0.7471595092910542
moment	0.7467755211715693
pot	0.7463986514413811	s
shado	0.7461210563997884
gun	0.7460047110840692	s
cuff	0.7456512166394166	s
crackle	0.7455454121636076
nail	0.7446437829472032	s
party	0.7443552918315459
note	0.7443067167789724	s
pear	0.7436459922649128	s
swee	0.7427996190465767
logo	0.74257272020051
baker	0.7424193696367899	a	u
darkne	0.7423984550442434
necklace	0.7420874571868947	s
argument	0.741938210972107
iron	0.7408691795155092
teaching	0.7399586336760051
hugging	0.7398439347916795
sign	0.7383845181840099	s
writing	0.737353340045309
wave	0.736905402294748
bulb	0.7362167083133082	s
begun	0.7360573018649315
room	0.7359761628314822	l
am	0.7353231916002302
grill	0.7351930272040479
boys.	0.7350275773053296
sake	0.7343624678394859
char	0.7341959258871302
drive	0.7338665490649926
drama	0.7336843341000029
sighting	0.7327851361881247
leader	0.7309723510936873
body	0.7302496935806861
peoplr	0.7297802495350286
cap.	0.7293255332602525
bathroom	0.7293103228261109
street	0.7289854378323005	l
movement	0.7286327779658737
woo	0.7285994101733555
radio	0.7274436683499915	s
the	0.727408491703518
dairy	0.7271857813347763
cloud	0.7264461495141707
truck	0.7263719240525056	l
posterr	0.723756902927387
merchandise	0.7236345850076875	s
drinkling	0.7234463527941332
dressing	0.723110669950486
son	0.722567789018185
mobil	0.7224788041802537
glo	0.7223155110272627
elevator	0.7223136563347593
magic	0.7222649925463617
fring	0.7219012775815898
claw	0.7215231820202737
studen	0.7209174534389107
sky	0.7206474370938625
hamd	0.7204351439912252
van	0.7201285668060265	l
ground	0.7200168514092263
bridge	0.7199215038856799	l
jungle	0.7190718233555022
veil	0.7188432599607046
investigation	0.7186759638904379
girlsd	0.7185450502218261
beimngs.	0.7184666909186979
sea	0.7184024648026259	l
are	0.718394226228109
shopaset	0.7182656433253383
sunlight	0.7179745449774286
steel	0.7173317803156627
confuse	0.7171457225812262
watercore	0.7169188184499292
apartment	0.7164615146588261
gallery	0.7160920169471733
cros	0.7157038137121557
red	0.7143326654480696
skin	0.7143274375426355
jesu	0.7139921828954344
crack	0.7137849738645429
yan	0.7137045112404248
doo	0.713657330242655
goat	0.7135186345676984	a
lemon	0.7131788429828884	s
fire	0.7128809177800997
busy	0.7125340992816607
walking	0.7122223218329227
jcb	0.7122217604027862
crowd	0.7121831260860825	a
normal	0.7121716138726764
children	0.7120852314855978	a	u
typewriter	0.7120619444197521	s
train	0.7118419938783836	l
natue	0.7113910897998933
fighting	0.7112570124096691
gentleman	0.7111485898575679
greenery	0.7109363001298872
par	0.7101840516641118
blackout	0.7098396664180953
lady	0.7093449430728672	a	u
teliphone	0.7093146673020956
beauty	0.7078890655157178
anger	0.7071008369499255
shed	0.7069040285388659	l
laugh	0.706440796352942
drinking	0.7056784444852661
dashboard	0.7055434924542311
smoking	0.7051819287185321
star	0.7050554798231135
mott	0.704065244752582
bo	0.7037860983259695
light.	0.7036762263413491
waiter	0.7036078573545486
peer	0.7033399165901171
meeting	0.7033284748967564
partner	0.703257366295976	a	u
saffa	0.7031941042442094
clap	0.7028195088415666
music	0.7027737493024875
beam	0.7027437330807037
bloc	0.7025020647350452
candle	0.7024443061164468	s
statue	0.7024220858753509	l
pensile	0.7023815191628698	s
school	0.7023605342689938	l
break	0.7021786282469741
handing	0.7015905263901495
prayer	0.7013860213584797
nothing	0.7012851039805443
stra	0.7005445699110933
dar	0.7000344426091797
moniter	0.6994227680550177
giel	0.6991381502899197
fitt.	0.6991093666524499
mask	0.6989401802219944	s
gost	0.6988896590890932
pillow	0.6984737157328061	s
betroom	0.6974226154670826
felon	0.6971368107470604
turtle	0.6961107886233445
sex	0.6957407653546701
medical	0.695450575478946
leave	0.6953910845180913
small	0.6951752946429351
gos	0.6951417282282267
painitng	0.6948458482674538
ci	0.6945148544079276
meet	0.6938601241424142
rode	0.6921154785999132
workin	0.6919540294026004
mouth	0.6918945071216881
grandma	0.6915047095974443
playiong	0.6910991893307025
not	0.6906103414086677
locker	0.6904328749794231	l
sidewalk	0.6900067009669059	l
chain	0.6893760190694947	s
set	0.6888994544421181
sleepimng	0.6888196326818488
grow	0.6887226219340256
bard	0.6883927938790951
seen	0.6882971827775312
tip	0.6882705811741036
cabin	0.6882172648525166	l
doctor	0.686702234977477	a	u
stand	0.6864863621555749
gloss	0.6861147762358707
rope	0.6857559975170948	s
suite	0.6857471621296131
word	0.6856795398355091
crying	0.6856689787650204
stunning	0.6855597970187003
fathe	0.6855363143110688
telephone	0.6848140965869434	s
makeup	0.6846946774579804
swan	0.6840510476100502	a
window.	0.6838528139628816
lawyer	0.6834789831911953
womwn	0.6831158420549109
exit	0.6830137984655723
singin	0.6829409649465468
clip	0.6817391968161303
sport	0.6815691538525268
angel	0.6812002259054336
sof	0.6810870486060914
parrty	0.6806766751670759
jug	0.6803645222160715	s
wman	0.6802527968371136
shawl	0.6800970869489418	s
beach	0.679878707486413	l
umbrella	0.6794577768722329	s
steering	0.679285933725713
emergency	0.6791088543034574
gitl	0.6790720637584216
lady'	0.6790418457701677
boot	0.6789376572342556	s
garland	0.6787139442084209
men.door	0.6785761841512956
blackshirt	0.6785761841512956
none.	0.6785674748088806
thinking	0.6783095126872035
drink	0.6780245009826458	s
me	0.6778197670229128
blanck	0.6774453311680824
screaming	0.6771473969812487
sculpture	0.6770731791577888	l
mothe	0.6769123722975806
snoow	0.6768570548566717
kichen	0.6756969331417796
cls	0.6756969331417796
market	0.6755867487391306	l
city	0.6752687546027307	l
car\	0.6741268829446698
mobile	0.6738564606370259	s
scar	0.6736976885178376
worker	0.6736016627575145
thief	0.673553068745044
brush	0.671988942801673	s
hat	0.6719020415089778	s
blackjack	0.6717956864737068
vase	0.6716586835886412	s
fork	0.6714093789629261	s
path	0.6710656090878762	l
ea	0.6703051552763698
stay	0.6702209413442568
shoot	0.6701031977638028
boo	0.67002345978588
card	0.6700227142045262	s
wome	0.6699796941483879
warden	0.6699368395492965
flore	0.6697851237007828
nervou	0.6697444168000615
eye	0.6695214920143421
reslind	0.6686438467584416
boxing	0.6686438467584416
new	0.6685735847222304
congrete	0.6679326532401637
archway	0.6674083175390284
winder	0.6666191196812626
stadium	0.6655676950031296
sining	0.6653416233173105
slipping	0.6652551533500926
dream	0.6652551533500926
riding	0.6650485716814839
tower	0.6647500145425699
goose	0.6644162660649695	a
woman.sky	0.6641578726621634
sword	0.6641294731606314
pinakola	0.6634214925592046	s
windo	0.6632081469766277
gi	0.663098239542976
noteboo	0.6629955443748731
satisfaction	0.6622773460184618
strip	0.6621956765134351
friend	0.6620712369316599	a	u
guy	0.6618592138881599
cape	0.6618576544349365
pearl	0.6610350283885108
tunnel	0.660764936142179	l
childre	0.660382950059729
librrary	0.6596480880817646
quality	0.6596464498191682
yie	0.6595769802534066
two	0.6588680142020329
talkking	0.658814136600513
poth	0.6585782706295474
hut	0.6584843561136124
beg	0.6581909121659917
snowfall	0.6580021878868052
guitar	0.6578681387938691	s
board	0.6571876064860748	l
glou	0.6565793080035295
ballon	0.6560672666084367	s
propeller	0.6555811041643663	s
gilr	0.6553685745560774
ad	0.65503775399421
strike	0.6546176720345885
church	0.6540519844854438	l
devil	0.6536403916704345
powder	0.6536293240750944
suit	0.6533562907884135	s
wine	0.653072441432862	s
children'	0.6530084292927836
wood	0.6527833368353874
passion	0.6527713666585406
mall	0.6525920948104499
boopk	0.6524325719656079
bos	0.6522536273288612
lover	0.6520119400503728
sllep	0.6518940598057112
seaking	0.6515887816984486
blur	0.6514951818656487
cigar	0.6513739339125278
fist	0.6512161547631787
upstair	0.6511525397911146
message	0.6510041375692421
tooth	0.6508124017339157	s
cave	0.6507701252553523	l
tying	0.6507154793414349
fanc	0.650710320308282
`bo	0.650710320308282
lo	0.6502853564770463
conference	0.6502457405287091
gitter	0.6501566439189861
brown	0.6501321960543982
polic	0.6499406090069033
beaten	0.649914228606974
darkene	0.6497680212892399
accident	0.6497524490135799
dea	0.6496507701315484
enemy	0.6489567361245201	a	u
cooker	0.6487684420861114
tiger	0.6484807356402031	a
cigarette	0.6480456953338672	s
notice	0.6473105842413762
fair	0.6469349476720907
cop	0.6466611677476607
sadnes	0.6466185963321749
caring	0.646405200154588
land	0.6461258472452184
cab	0.6459067657755729	l
system	0.645320533317048
sweater	0.6451879328107695	s
amazed	0.6450138449634139
restaurant	0.6449334493040096	l
taking	0.6449167683851716
pedestal	0.6448984361529877
frog	0.6445919382457663
letter	0.6441247389025122	s
teacing	0.6434508961645907
research	0.6429936211786723
container	0.642947665243964	s
column	0.642947665243964
horse	0.6424218898347529	a
duiscu	0.6422154776902664
yello	0.6419573819166563
book	0.6419006519816481	s
overall	0.6416730856020503
cooler	0.6416235966067202
cork	0.6414297609297295
contraption	0.6411278307996957
ladder	0.6410151241736518
wate	0.6407284436174867
professor	0.6405128722726288
cake	0.6404079645264199	s
black	0.6401275725789685
seein	0.6400779589988133
tee	0.640015965997705
chairman	0.639886308043579
other	0.6398138800394854
flower\	0.6397896757187745
politic	0.6388864908637084
driv	0.6387793813884852
nun	0.6386739906313463
kendil	0.6381975059157522
cruck	0.6381121076224643
nightgown	0.6377426007145276
clas	0.6374715499537538
dpressed	0.6372458688760707
coat	0.6370935976095037	s
grace	0.6369938792493935
hand.	0.6364921896814002
student	0.6363767307878622	a
bou	0.6363578453287563
lover'	0.6361532077840724
roadway	0.6360659821505059
stud	0.6355407886693116
tablecloth	0.6355356150760395
do	0.6354730754824316
poster	0.6354475864617997	s
structure	0.6348741389838946
alliance	0.6348282822150705
necktie	0.6346650505225407
jen	0.6346516809090005
male	0.6345602534004049
staircase4	0.6344906806216734
wind	0.6344562233072749
tre	0.6344480541178873
purse.	0.6344105638790745
mustache	0.634071364991491
bu	0.6339494571868888
helmt	0.6332713161974298
chalir	0.6331935254083504
beings.	0.6330639721218019
tall	0.6329328389139788
dres	0.6328937635014044
axe	0.6324446324166497
hai	0.6322574109004377
nedica	0.6320238380071507
critical	0.6319644703253441
grommet	0.6318238759562482
baterry	0.631721158927557
gril	0.6312147533182599
graffiti	0.6308549413851144
doller	0.6306820540701661
bangle	0.6304133594409513
jewallry	0.6302837224058712
photographer	0.6300445446863411
cow	0.6300343676119615
glos	0.6300239630709252
clear	0.6299976739139185
singl	0.6298856580379802
colo	0.6295591137147355
vacan	0.6294610732947636
fearing	0.6291670944272519
addres	0.6291127382114785
blue	0.6289359248839134
sleeve	0.6288150850859037
ag	0.6286134993536131
river	0.6284949550443477	l
photograph	0.6284164270651149
newspapper	0.6284126606273989
anchor	0.6283726260335625
takci	0.6280951255033247
t	0.6277497600403441
laptop	0.6276819795496857	s
scratching	0.6273246042775706
mn	0.62724206739964
host	0.6271934378818647
shooting	0.6271091999870025
gat	0.6271076758415566
scree	0.6270780598324608
soon	0.6265029993019993
bandana	0.6264956241250739	s
divider	0.6262691782842187
buildin	0.6262628727622527
sleep	0.6260756329640882
arm	0.6260005377578483
root	0.6258743829578469
lipstick	0.6258067939055261	s
jacket	0.6257773803726465	s
feel	0.6257744358238464
bord	0.6257711878268397
basing	0.6256782129863891
hotr	0.6255599803926826
caboard	0.6253000212002409
string	0.625262913179449
freeze	0.6250537827674696
face	0.6249946633487247
sweeter	0.624884430949339	s
marriag	0.6239282159016365
blacknes	0.6237517221470831
taxi	0.6227651000653645	l
nothing/blurred	0.6224880050389251
buring	0.6224880050389251
women'	0.6223259249438814
up	0.6222973008573949
jea	0.6221618171322033
girl\	0.6217322078117271
hook	0.6216691044377719
hill	0.6215161809993968
faction	0.6213678579361639
dog	0.6213208593078205	a
duck	0.6212953720672406	a
swamp	0.6208157950704634
paintbrush	0.6202017238285349
stick	0.6201221098088325	s
somethin	0.6201025654486749
footpath	0.6198532497716285
cloc	0.6196132017028864
walk	0.6193639646619676
swing	0.619050021590369
naute	0.6187679299638033
ey	0.6187667172366639
bulding	0.618713139232502
moving	0.6183353537639585
fishing	0.6183353537639585
bi	0.6182926466232489
tree\	0.6181214155628235
danger	0.6180881003670705
coffee	0.6179476007401613	s
coffe	0.6179476007401613
doorway	0.6178341801942607
bag	0.6178195332414619	s
looker	0.6178147838868945
bible	0.6178054351031712
number	0.617713069990127
discussion	0.617706768175381
park	0.6175955141424726	l
overcourt	0.6174714318416862
dooe	0.6174557487765863
speek	0.6173756735675955
completely	0.6172779768559968
blurred	0.6172779768559968
begge	0.6169349978774115
staircase	0.6166633302686847	l
wallking	0.6164702804481255
mem	0.6160962305061979
bad	0.6160779155603839
beautifu	0.6158782691880157
wrestling	0.6158142123605492
wash	0.6158136037771484
cooking	0.6154019139222456
want	0.6153368638775548
food	0.615145435303932	s
rose	0.6147606972118723	s
chef	0.6147380759347174	a
grass	0.6146657302658654	s
telescope	0.6146008174593699
post	0.6143597794844211
television	0.6140910387266169
fan	0.6135703960768037
bust	0.6133966736999694
dancer	0.6129657945431856
lady3	0.6128212739780013
cry	0.6124603981238875
plant	0.6120327802185154	s
speaking	0.6117023988242536
livin	0.6116584625037282
paper	0.6116292552832637	s
fireman	0.6115473928846988
h	0.6114168007014941
thriller	0.6110798841889826
min	0.6108128426646673
orb	0.6107358490192742
buuilding	0.6105201339559702
drin	0.6103720337014741
cricket	0.6103305639143447	a
cheating	0.6103243893328733
certificate	0.6102240989164904
waterbottel	0.6101735771107508
discussin	0.6101735771107508
glases	0.6101405016573457
adult	0.6100848741320791
ramp	0.6100260947847724
glove	0.6099859302424111	s
romanti	0.6096789539796443
register	0.6094913304602877
foggy	0.6094722620284244
1	0.609371373511435
thinging	0.6092000160558402
fear	0.6090714645575567
gate	0.6090370919162235	l
drinkin	0.6088102474685625
garbage	0.6087942867465187
bend	0.6087268008993831
happines	0.6085710017383269
name	0.608556275483768
shot	0.6085480121556344
contrac	0.6084535420396959
horse'	0.6083155095604095	a
bookcase	0.6081078351294648
oldman	0.6079857572187667	a	u
bar	0.6076470774439909
gree	0.607151258327781
foodboll	0.6069167459673831
se	0.6066415550666233
image	0.6064945494473734
cello	0.6063478013337351
plastic	0.6062558713676519
player	0.6060567353385484
otherthing	0.6049902225001765
all	0.6049249945448597
crown	0.604640960694913	s
oldma	0.604458770042686
th	0.6041650964993748
acting	0.6040595721624036
man]	0.6039939385189846
working	0.6039129127434003
discust	0.6039126321354177
square	0.6036722418328209
cour	0.6036388666492942
weel	0.6034128411418342
weal	0.6034128411418342
woode	0.6033967958006257
hear	0.6032841557472105
flex	0.60280359152986
vagu	0.6027792004959226
place	0.6027621190713128
ketchen	0.6027253778096157
wonderfu	0.602640061764188
window.light.	0.6026049210088968
phot	0.6025184531606376
dore	0.6023986973568204
switchboard	0.6023946588416464
de	0.6023745348875624
watc	0.6023081545345473
alienate	0.6022649035290465
alien	0.6022649035290465
notic	0.602146273045776
planet	0.602128618820411
phon	0.6019660158000022
mother	0.6017059910454956
dresser	0.601579477318772	l
bead	0.6013729035172233
dangerou	0.601312391259102
jumping	0.6012666722331721
mode	0.601244231410002
titel	0.6009856129986655
trenchcoat	0.6003791973033806	s
manan	0.5999669671914212
bellow	0.5998172463550612
dancing	0.5997283577562764
cla	0.5995202792552798
keyboard	0.5993639302391823	s
ba	0.5993187466769321
file	0.5992880813195411	s
rod	0.5991625526191159	s
business	0.599049719444751
signal	0.599002653777395
soldier	0.5989860457298329
bucket	0.5987775027082889
widow	0.5987548890045074
plasti	0.5984884820354228
traffic	0.5982773836774933
anten	0.5981807228150523
border	0.597975060692977
fal	0.5976053445305908
gown	0.5973351872649691	s
back	0.5966181522489167
sadd	0.5966045469797799
shakking	0.5965119378115352
sinning	0.5964718743789937
ultimatum	0.5959398182066262
rider	0.595183005440926
suspect	0.5951069644035238
tab	0.5949612562245157
bric	0.5939728213311654
cat	0.5938741381634859	a
waking	0.5938498425830192
checkin	0.5937590824961608
in	0.5937434738040651
projector	0.5933780248412376
clothing	0.5932746710273904	s
part	0.5932071580444602
warmer	0.5931311818607738
pinting	0.5926938121306318
smiling	0.5926592390464548
cupboard	0.5923930182092874	l
animal	0.5921748884907183	a
violi	0.5918791978258897
insid	0.5916584386597594
enjo	0.5914899381664521
shoking	0.5914343612143865
standin	0.5914144505757072
wound	0.5912567908318979
hug	0.5909974354079531
doorhandle	0.5907089458327093
parcking	0.5906235613089346
building.	0.5906235613089346
cel	0.5903756545712731
uniform	0.5900241477225062	s
tablet	0.5898613238485755
wardrobe	0.5898556241218946
piece	0.5896917606738006
some	0.5893402457731196
knob	0.5892188554305852
toy	0.5891310828181231	s
shopping	0.5890762226548003
ge	0.5890019007813733
festival	0.5889209297696034
stroller	0.5886754827779891
earring	0.5885707462689829	s
threshold	0.5883440872346054
seei9ng	0.5883440872346054
pin	0.588329833522257
ceilin	0.5882307258665734
hen	0.5877661613332417	a
speaker	0.5872067366860578
album	0.586892237049641
flooring	0.5866679577245933	l
uncl	0.5865877166000716
court	0.5859916384476171	l
coupl	0.5856231275919295
fruit	0.5855047880342492	s
thought	0.5854891782432281
sister	0.5854688177005485
flo	0.5854615147043147
businessman	0.5853326093794033
with	0.5850594874545261
shoping	0.5850520227140342
drawer	0.5849936334968157
father	0.5849823579495946
streat	0.5849006432440622
rack	0.5844261813419399
mone	0.5842706489553277
juice	0.5832025444404139	s
lighter	0.5828168178382793
drivin	0.5826043649960162
lighting	0.5823615494191211
travel	0.5822243987870124
docto	0.5819706370639904
white	0.5817626886664584
su	0.5811000466240658
open	0.5810980898052015
banner	0.5808216009408106
m\	0.5808016203098899
chille	0.5808016203098899
support	0.5807170629328168
indoor	0.5805126246241303
hoodie	0.580392295155597	s
nil	0.5802562369088675
man'	0.5802214768251177
shade	0.580063210159786
jacket.	0.5799391196180821
shin	0.5797429667690034
shoo	0.5795502449669784
yawning	0.5794208837911499
blank	0.5792805806462764
nothind	0.5792762000731598
dancher	0.5792762000731598
cabinet	0.5790590580900021	l
fi	0.5788131525067874
spectacle	0.5785522240956612
shop	0.5785466608174303	l
radiator	0.5784216423702387
nam	0.5783846343702088
candlr	0.5783191883487288
barn	0.5782745013312365
finger	0.5780625329008697
spec	0.5780531690597377
alcohol	0.5780469098229939	s
smoling	0.578042476101642
pertson	0.578042476101642
lawn	0.5779949767096508
drop	0.5777132601857796
thing	0.5776931186206236
shoke	0.5776318913029409
enquired	0.5775219271951818
blon	0.5774259090295681
pipe	0.577342261068229	s
hayy	0.5769608936365023
bathing	0.5768591421647652
going	0.5768440778126785
station	0.5767884007300004
listing	0.5760675514905121
no	0.5756357240166774
cantle	0.575196792917377
employe	0.5750876064629715
takin	0.5750029763429764
theif	0.5749726553933104
pu	0.5749726553933104
sigh	0.5747305435060328
shaking	0.574713271282797
pointing	0.5741009465314532
belt	0.5740576904725959	s
glow	0.5739792148967993
bunch	0.5739696160517667
beanie	0.573867990645438	s
freind	0.5738244676887371
scare	0.5737572714366307
cup	0.5737296101503574	s
secen	0.5736097398157505
dollhouse	0.5735272318396795
basebal	0.5735272318396795
gla	0.5732577490411598
story	0.5725798967152578
wearin	0.572431784725663
trash	0.5722716017374109
vest	0.5719205537769635	s
branch	0.5718005724881744
weddin	0.5717845958766018
spring	0.5716888532892382
rest	0.5711680819855605
gam	0.5707575733287807
hallway	0.5706280261404578
colla	0.5705808112899937
slee	0.5705435226962495
hairpin	0.5703104149339275
camer	0.5700533395035072
wheel	0.5699226604939823	l
advising	0.5698620431194803
honey	0.5694932026431903	s
balloon	0.5693892270855745	s
people'	0.5690721263254137
gls	0.5688240405080973
wit	0.5687948502541588
stirecase	0.5683140383711035
buildinf	0.5683140383711035
pe	0.568082428568839
stripe	0.5680207424659026
discuse	0.5680069620702315
playground	0.5678200656609713
gri	0.5675686325185559
paragraph	0.5675415725217797
wal	0.5673510727755895
nea	0.5673099266662797
backpack	0.5669342096695144
skeleton	0.5666211707832114
urn	0.5665823971737547
doubtful	0.5664235897799975
re	0.5664131234371753
traivin	0.5662157214626623
listening	0.5661221341978525
overhea	0.5660273646470513
control	0.5660273646470513
tank	0.5655629403237037	l
nigh	0.565485241814045
so	0.5652813601469056
which	0.5650296027704657
at	0.5650258178380301
towlel	0.5647572617439668
serio	0.5647560834604736
oxygen	0.5647560834604736
dr	0.5645528403393673
ali	0.5642467819034189
ligh	0.5635691182523611
talk	0.5628742282472167
chare	0.5627617660444135
tailot	0.5627594593863928
speck	0.5624672837071826
roome	0.5622494631025928
sayin	0.5621765867941283
life	0.5621427336852565
kissing	0.5619629109104892
pain	0.5619275613458193
regret	0.5614458070085698
punishe	0.5612500743763968
ridin	0.5605371311838707
lad	0.5605072791643061
wallet	0.5604153480775035
gain	0.5602034060111147
tellyphone	0.5601240996279987
stree	0.5598861490828813
panel	0.5597962544480186
alar	0.5597962544480186
pres	0.5595484556391828
pocke	0.5592484679336374
bowtie	0.5592484679336374
fuction	0.5591361794696187
pocket	0.5588929234476195
\	0.5588866580060167
conversatoin	0.5588076594478532
people.	0.558801818909045
refrigerator	0.5583958121802072	l
rifle	0.5582606580875537
othe	0.5582501849407749
sail	0.5581303615164744
neck	0.5579510760140202
color	0.5577547323920287
cryiimg	0.5576359756299459
coboard	0.5576359756299459
yea	0.557475089250451
bright	0.5573561462320418
theaf	0.5572536258255637
soap	0.5572504126460224
huma	0.5572212390097654
boby	0.5570056571617615
siding	0.5569850910610594
eyeglasse	0.5566293046477914
wearing	0.5563902289985074
glitter	0.5561921264099614
ship	0.5561834932830525	l
creature	0.5560610306705932
rocording	0.5557789313007
nature	0.5553116889417612	l
monior	0.5553014067320567
enquire	0.5552006505463807
craft	0.5549474441820444
propose	0.5545274118299922
cheek	0.554266040278001
balc	0.5542520264192048
terrible	0.5541558676359123
death	0.5540361735811682
wir	0.5539590632016407
fox	0.5537742276578463
security	0.5536498578997345
berry	0.5536208440148566
beautiful	0.5531640386871922
ivy	0.552709482976613
self	0.5521862266068026
can	0.552183850771159	s
stuff	0.5518827069202414
someone	0.5515691091773067
labor	0.551509789167206
slippe	0.5514908125377831
freezer	0.5513921206380449
stature	0.5512572415205832
fug	0.5511823006903992
monster	0.5511571391659242
spea	0.5511193397254248
brow	0.550935600291063
reaction	0.5503323308334107
club	0.5502832284212735	l
functino	0.550174129052151
toast	0.550145239902232
woman\	0.5497210385870196
licen	0.5497039410555719
loving	0.5495816907824235
microwave	0.5495301483223993
tag	0.5491901470472692
castle	0.5487002906179034	l
sense	0.5486849607652302
judgement	0.5485078187481723
both	0.5480434430054186
closet	0.5480312901400443	l
stee	0.5477526503224707
globe	0.5476576014723434
blurr	0.5475362198480467
closed	0.5475291184227288
chil	0.5474253842387031
leathe	0.5470556640017938
o	0.5470187372988005
gente	0.5470162845667277
abc	0.5470162845667277
balcony	0.5469295420037783	l
sparkle	0.5465773457742832
kille	0.5464332673008756
doorframe	0.5464332673008756
fabric	0.5458727447228796
arc	0.5457661576648586
tool	0.5457088299359024
paly	0.5455892086336446
spor	0.5451552793221226
n	0.5451097217608261
yacht	0.5450709272558516
pill	0.5448134664986213
harbor	0.5445768929976195
scrap	0.5445709490320069
darknes	0.5444639154706813
circle	0.544463138898828
toile	0.544127238772811
bow	0.5440186104644313
wet	0.5435917206329367
swimming	0.5433450929440242
swimmin	0.543279719688175
traffi	0.5431985537361196
escalator	0.5431920772445965
tapestry	0.5430245746980759
outer	0.5427812410929596
cct	0.5426562007192502
satellite	0.5425020366635462
tractor	0.5423037454134072
machinery	0.5423037454134072
rug	0.5418702433033706	l
greycote	0.541825152944514
exasperation	0.541825152944514
overhang	0.5417875058678194
mug	0.5417378526505989
interac	0.5416209339532356
monitor	0.5416036135803448	s
vent	0.5415047529497372
huging	0.5414733623693695
flesh	0.5413772232585549
atm	0.5413308701685275
laughting	0.5412376821964288
sandwich	0.5411565035933602
piller	0.5411073226209847
littl	0.5410577764531429
folder	0.5410296957065928
crow	0.5409246737636396
painter	0.5408398976922782
beuitifu	0.5406902984056464
fun	0.5405163341079412
dirving	0.5402977112618951
looking	0.5402701082045872
openin	0.5402138627942771
spo	0.5397161039264529
discastin	0.5395443924589892
rope.	0.5393972505372404
cloor	0.5393972505372404
blind	0.5387341352531899
styore	0.5386979170163604
cover	0.5385093029490426
fram	0.5383158740419411
movei	0.5381974772272625
manj	0.5381974772272625
cooling	0.5380659574450392
kil	0.5379598787294511
basketbal	0.5378768798708866
memory	0.5376850772953862
streetlight	0.5374616209281156
duc	0.5374328365409933
coffer	0.5373229807923057
cofe	0.5373229807923057
flag	0.5370293034747365	s
book'	0.537024422046592
shock	0.5369881561528277
spider	0.5366477120394914
concrete	0.5365538932184128
tail	0.5362187397857929
sgooter	0.5361611106307872
bride	0.5361309409294953	a
bal	0.5361283036740359
pape	0.5359238562181114
sucking	0.5359107382419961
seatbelt	0.5354651396556761
garden	0.5353673352705566	l
shockin	0.535124406681334
hit	0.5349787179612678
crowdabl	0.5347802992036208
constrictio	0.534406150469655
shoulder	0.5339320950164393
style	0.5339019054747319
cut	0.5337585533956156
spoon	0.5335449272441615	s
siniging	0.5333989536514663
driver	0.5333308791895905	a	u
instrument	0.5327274371143456	s
balloo	0.5326966711630995
expre	0.5324973620421576
tracking	0.5323560912654757
location	0.5323560912654757
sitting	0.5322059443478603	a
mat	0.5320306551981634	s
gym	0.5320306551981634	l
key	0.5319264066421332
towel	0.5318882198512361	s
corridor	0.5316490628202456	l
mean	0.5315482949978143
college	0.5314134917318176	l
sacking	0.5313468644315472
phoen	0.5313070430265093
barrel	0.531243704675972	l
roda	0.5312166749148042
batch	0.5311751045701903
mne	0.5310432778308868
kitchen	0.5309602672661352	l
standing	0.5308950250624616
meeti	0.5307994653360797
calendar	0.5304768536051511
paint	0.5304699211760708
holding	0.5304156489658396
storey	0.5303700285701707
pant	0.5299959133264163
living	0.5299485740824688
ocean	0.5298870161111933	l
steam	0.5297272862760364
grand	0.5297272862760364
ne	0.5297265901651044
mee	0.5297265901651044
injection	0.5296187122436642
wrapped	0.5293615394628984
chruch	0.5293527028547478
singer	0.5292894104133494	a	u
eoman	0.5292153779175623
step	0.5289684418632423
spin	0.5288814454296348
ribbon	0.5287722274543851
decor	0.5280868483072443
move	0.528009401133172
steerin	0.5279746484860597
horbor	0.5279363565530798
grain	0.5279363565530798
constructio	0.5279363565530798
eye.	0.5277630285347639
blackma	0.5277474262619491
juic	0.5277153094111163
mental	0.5276470943159771
cowboy	0.5274762972272564
wooden	0.5272773780523502
somebody	0.5271337034835646
eyeglas	0.5270490942155924
riffle	0.526798834383907
situation	0.526734994619153
glase	0.5266721400724667
medal	0.526463208511884
photo.	0.5264459344939006
podeum	0.526314248865471
pail	0.5262458205704806
gang	0.5262458205704806
convdrsation	0.5262295096090309
bush	0.5259996019731046	l
womne	0.5259210706082508
wagon	0.5258498185797609	l
room\	0.5258357965221611
teasing	0.5256001016099263
pisto	0.5255565346317481
shoiwba	0.5255100406043292
gentl	0.5255037133631902
vintag	0.5253410388173514
cople	0.5251153577901285
hole	0.5244956688561974
block	0.5244956688561974
tear	0.5242085981196831
toad	0.524131440358406
newspaper.	0.5240535690716938	s
come	0.5239064678356884
crossed	0.5238147888240725
grandpa	0.5238023824523882
hanbag	0.5236999586724905
billard	0.5234780473583646
pad	0.523228630607295
wast	0.5232202637252235
fiv	0.5231743033542628
resturant	0.5231534869361166
architecture	0.5231519984963945	l
husband	0.5231002573186249
televisio	0.5230779518067683
makeu	0.5228760093692455
queen	0.5228438005729743
design	0.5226172582133057
round	0.5226074917126929
goo	0.5225122102506717
boad	0.5223784110493387
frame	0.5219561499869629	s
pie	0.52187341208937
suspiciou	0.5217286094106028
arch	0.5217116550938815
drape	0.5216285449954357
rook	0.5215414192168902
typing	0.5212588938117385
chandelier	0.52092594937192	l
timing	0.5208926221166686
put	0.5208725991900385
moon	0.5207776646995684
coole	0.5206033472576266
remote	0.5204327202995228
seriously	0.5204051911446272
case	0.5203088941027744
dock	0.5202433967264922
lip	0.5202377513197283
roap	0.5199481150063621
perplexity	0.5195649633424636
mal	0.5195063512199944
san	0.5192450213619666
military	0.5190443768185355
35vn5bqm820nlk2xivm6929ccy3j59	0.5190062069299917
woma	0.5187478561907607
focu	0.5185991293758931
towe	0.5185133920903063
han	0.5185035803197536
chief	0.5184244861932328	a	u
exclaimed	0.5178846300217996
helping	0.5174890733216787
natur	0.5172853284918593
girlw	0.5171282353090263
camp	0.5170574592755103
butterfly	0.5169519968070089	a
lega	0.5169156693075802
day	0.5168671413600423
store	0.5165299877247636
plate	0.5160269491982424	s
text	0.5158214679941497
child'	0.5156903288072344
boy'	0.5156903288072344
cave.	0.5155297645919514
roll	0.5154467890699241
hoodcc	0.5153703183242806
peach	0.5153061493842512
sand	0.5152108061691723
tan	0.5152041347668775
headphone	0.5151496157263366	s
tshirt	0.515043149645315	s
vintage	0.5150359316879874
stewardes	0.5147839268543987	a	u
display	0.514650475316485	s
speak	0.5146058132124438
argu	0.5143815745579534
cone	0.5142983132551657
utilit	0.51426977937409
biller	0.5138752379707893
leg	0.513768658214581
electric	0.5136556571850733
and	0.513651008155863
burn	0.5134615426473573
vacation	0.5133864812111687
record	0.513193643711161
telephon	0.5131854722103125
water.	0.5130639114813382
seaweed	0.5130639114813382
marriage	0.5130397377213286
elephant	0.5129576102914272	a
anything	0.5128650869634752
wake	0.5128107091954919
sunshine	0.5128107091954919
morning	0.5128107091954919
roa	0.5128070309630949
subway	0.5126851327447447
evenin	0.5126204804763548
pump	0.5125782397891823
bunk	0.5125782397891823
boar	0.5124723689166248
discu	0.5122972442282316
securitu	0.5122623499531226
popole	0.5118225226874682
event	0.5117259960307882
empty	0.5113951092816427
short	0.5113438028071597
it	0.511176627635377
desk	0.5111122650306743	l
pumpkin	0.5108012168549353
someting	0.5107019841960666
polution	0.5106757311778204
pollution	0.5106757311778204
courd	0.5106757311778204
bracelet	0.510636591132301	s
monito	0.5103743142705744
computre	0.5103743142705744
foundation	0.5100630984278903
bruise	0.5099749696542897
pictur	0.5099111405542242
shaker	0.5092352037587007
boiy	0.5091886125129808
relationship	0.5091383987464603
mike	0.5090799710895862
converstation	0.5090228519123065
cu	0.5087605665042185
cement	0.5087373878409951
violent	0.5085232736704959
liter	0.5085232736704959
elbow	0.5085048462649231
printin	0.5083657394709995
newpapper	0.5083657394709995
report	0.508335110533877
king	0.5083197777588013
hamburger	0.508317772120455
scene	0.5080136259919869
steering.	0.5078758219166527
dialogue	0.5077230654830255
goggle	0.5076483916433302
sjpeak	0.507617409817543
maiku	0.507567962110905
ear	0.5074598035163346	s
prop	0.5073246050157323
extinguisher	0.5073246050157323
clothe	0.507253936630321	s
signage	0.5067982603250921
cycling	0.5064789550119431
bicycle6	0.5064789550119431
candl	0.5063515940147042
goggle'	0.50629146634599
sun	0.5061789196519454
poo	0.5059943684025603
seeking	0.5058205144123925
actres	0.5055564234811454
ston	0.5055092053414435
coa	0.5055092053414435
couch	0.50535136769043	l
bul	0.5052991849419886
sunglass	0.5051940220880003	s
exclamated	0.5051441473587357
engine	0.5048060251355988
printer	0.5047453631251155
headband	0.5047273328288742	s
marble	0.5046093969254513
dooor	0.50436168308282
clutter	0.50436168308282
advertasmet	0.5043348032770401
starcase	0.5042728329893852
builder	0.5042728329893852
skyscrapper	0.5042106340696992
bulting	0.5042106340696992
polish	0.5041960054344626
patient	0.5041625790237386	a
singn	0.5039259359163679
signature	0.5039259359163679
fluff	0.5037397643792826
money	0.5036646622017886
egg	0.5036439381783187
one	0.5035879134144653
tier	0.5035196661176358
dyre	0.5035196661176358
palace	0.5035152181018948	l
silent	0.5031463684152807
confusion	0.5031463684152807
stairway	0.5028931136094529
nametag	0.5027550989969204
tray	0.5026521712617894
eyeglass	0.5025911023248915	s
backround	0.5024768438363045
tire	0.5022704673471242	l
grandmother	0.5022687009458032
discoing	0.5022687009458032
jc	0.5020048968514996
race	0.5019963605553861
perso	0.5019316468036101
friendship	0.5017075674437004
air	0.5016763691662065
robe	0.5015606159517507
sa	0.5012559902404627
speacking	0.5012337885606013
dot	0.5012138342234839
sno	0.5011921443437511
handle	0.5009402164777619
rea	0.500564075685125
hoop	0.5005592390512168
shocked	0.5003915643724842
fron	0.5002167111855763
rocket	0.5001484605315208
chappel	0.5000765199404817
marker	0.49999881280539304
funeral	0.49969439160083484
popcor	0.49955803598190335
present	0.4995410716990316
condiment	0.49952211532970203
down	0.4994749090200615
way	0.49938079721766016
shee	0.49934684388375067
nothign	0.49934684388375067
parcel	0.4992576312083768
heading	0.4992576312083768
66	0.4992139028268511
product	0.49905555348339653
bea	0.49903080627954194
studying	0.4989639701729646
fridge	0.49888959038194153	l
purse	0.4987397371966714	s
sitin	0.4987094298258895
sk	0.49857814798832506
overhead	0.49829873380439177
auditorium	0.4982369187003399
facotry	0.49818637811784017
spray	0.49815205814346614
sower	0.49815205814346614
pus	0.49815205814346614
pciture	0.4981172478550022
system'	0.4980356138958839
pesrson	0.4980356138958839
staying	0.49797387746084687
tea	0.49778179775383957
beed	0.49768206423745126
churc	0.49766155875382745
washin	0.49754408206573886
fluorescen	0.49754408206573886
shopa	0.49746329639098
las	0.4973630432495232
basketball	0.4971656542037439	s
sh	0.4970724874798311
brightnes	0.49692014144267815
page	0.49691035943626355
building'	0.4967960366023663
write	0.4967879603796947
jesú	0.4966816948135634
spotlight	0.4965476540025823
bag.	0.49643525353077095
youn	0.49624710606931416
pallon	0.4962017972408836
balllon	0.4962017972408836
hoste	0.49606823906829334
awning	0.4959927758744357
darking	0.49576676875869113
document	0.49565262638431745
butterlfly	0.49561890162294747	a
seriou	0.4955108454229686
afraid	0.495503083236377
;ady	0.495503083236377
performing	0.49545313710601274
railing	0.49481829601024657	l
farmhouse	0.4947267298791086
shrub	0.49468854358595843
f=gown	0.4941960341548814
buidling	0.4941320809606093
cart	0.4940965462569421
pillarsancing	0.4940792866199846
weight	0.4936004037642385
sock	0.4935610470864067
picure	0.49327514176708487
banners.	0.49327514176708487
lecture	0.49310164504870263
dealing	0.49310164504870263
company	0.49310164504870263
bab	0.49304851244751335
ringin	0.49247910086213476
pew	0.4923789212458912
onlooker	0.49233201837202795
dad	0.49224450144517856
bouquet	0.49221106185542285
alone	0.49209198409530197
jean	0.4920491944353961
klad	0.49200633551063105
cane	0.49166892325609785
paintin	0.49161615607797793	s
men.glas	0.4914592686047672
showroom	0.49138277114010603
stor	0.491094132391185
speack	0.49081923336279143
goin	0.4904958184215675
tension	0.49041043210606294
sienaitaly	0.4902918224348408
italy	0.4902918224348408
bildin	0.4902918224348408
mechin	0.4902653172829435
col	0.4902653172829435
hills.	0.4901415189584818
solo	0.49011779324699056
table.	0.49002864532883295
menlight	0.48981623618012715
I	0.48967792146217703
scen	0.4893635547781969
getting	0.48933016791137696
being	0.4893021380427437
embrassin	0.4892721668575053
pepsi.	0.48919072591247764
game	0.48911739790379355
blu	0.48895607850549955
rin	0.488925354997226
public	0.48886251967139566
canteen	0.4886012734089893
lightwall	0.488508192529425
laight	0.488508192529425
pool	0.4884896741282981	l
touri	0.48846438087526084
ladyb	0.4884057185163356
busines	0.4883478636710528
lam[	0.48804275664881713
glouse	0.4879147441740848
pitcher	0.48786935506379997
flannel	0.4877390235309417
work	0.4876908527742174
oldlady	0.4876857212209978
dee	0.48743402624391263
age	0.48743402624391263
crane	0.4873924770799964
member	0.487282740156701
bedsheetbelt	0.4870927636285661
cwod	0.4870236716807511
group	0.4866004944865446	a	u
meadow	0.4865456802833028
silence	0.4865327609955456
lik	0.4865327609955456
lights.	0.4863904244059034
snipper	0.4863213082318396
pose	0.4862633219992815
memorie	0.4862414715951982
television.	0.48590532394838876
ptelevision	0.48590532394838876
saucer	0.4857139849417702
wri	0.48568012374793185
think	0.485570929316739
mea	0.4855665301357507
telling	0.48553971326702927
carpet	0.48534989610565243
trail	0.4852621717386489	l
sui	0.4851677590121485
panting	0.48508725573582406
tabkle	0.4850754953100669
diary	0.48504852695302947	s
cold	0.4849589054049438
breakfast	0.4847880260328955
al	0.4846782141820362
incident	0.48466887955195825
tissue	0.48464077511211984	s
birthda	0.4845981314625175
pumb	0.4844517156375219
drap	0.4844517156375219
dirt	0.4842172746023528
mercury	0.4841814171512756
d	0.4840145392177688
shopin	0.4838857446459707
relax	0.4837809185896777
functio	0.48346915087592496
nightlamb	0.4833250425729621
chari	0.4830064128185088
ring.	0.4829455480510347
grafitti	0.4829455480510347
m	0.4828655847497575
plan	0.4827507043079724
sto	0.48272699880962017
fore	0.48266809541076794
dun	0.48266809541076794
tatoo	0.4826472120691335
hoodi	0.4826472120691335
a	0.48252930836754276
meetin	0.4823247007343326
boa	0.4823165912752458
mic	0.48231252274168884
tile	0.4820597206411476
nic	0.48195377516133875
lantern	0.4817762749960547
priest	0.4817714147488263	a
terror	0.48174610188827144
darkroo	0.48161207769737846
creepy	0.4815119381268246
buildng	0.4813143596515469
celebrity	0.48110766232993724
statu	0.4810065725624646
dust	0.48099859695477126
coach	0.4808435861598537
preacher	0.4807388669690371
confessional	0.4807388669690371
confession	0.4807388669690371
something	0.4805018356552045
outside	0.48043565692000983
audience	0.4804141843831028
hea	0.48030256947060085
marrig	0.4802939919394074
singsong	0.4802382306025518
mik	0.4802382306025518
ssad	0.48016941897325394
cal	0.48016941897325394
acidant	0.4799885527795751
shi	0.4793939072397037
buttoned	0.47924309281063326
dinin	0.4791374758998267
notepad	0.47907316798887944
hide	0.47899335710494256
childre\n	0.47899335710494256
pla	0.47891760337470046
teddy	0.47887551842579384
told	0.47876298917576887
courtroom	0.47874694578884697
competition	0.47869535474432273
laboratory	0.47869470103989464
cosmetic	0.47869470103989464
reflective	0.47848301844081925
chimney	0.4784544300522994
clove	0.47841909205848054
rub	0.47835959670032985
vichel	0.47812557490728996
dof	0.47812557490728996
firework	0.4780590251724019
lightswitch	0.47730911382994995
soda	0.47720538905126714	s
roc	0.47711256948209924
disscussion	0.4769292140221649
stres	0.47688420303269846
poll	0.4768624428375092
hydrant	0.4764250636178462
gift	0.4760416037763629
safe	0.4760268258312381
brickl	0.4758864595054808
bookshelf	0.47578863357652207
dispenser	0.4757851229910353
quee	0.47572437277855995
jewerry	0.47572437277855995
vine	0.47559415346321154
twine	0.47556478021310417
ree	0.47555611628275896
drum	0.4754593676017537
searching	0.4750088859753699
wife	0.47490101132073226
husben	0.47490101132073226
zip.	0.47477940550774506
racing	0.47473967941681683
waste	0.4747240491495458
strea	0.4747032971342991
rive	0.4747032971342991
closeu	0.4747032971342991
hig	0.47456535937709393
cctv	0.4743351701907303
le	0.47428705059223714
counter	0.4742817012514616	l
insect	0.4742208273653752	a
despair	0.47420784163502494
factry	0.4741373130099998
pregnant	0.4741157046505343
fancy	0.47406847532553475
look	0.47402650617469116
binder	0.47397230429418236
chain.	0.47371026133657285
ange	0.47370840924594254
wall.way	0.47366505805329157
dj	0.4736231404426865
spot	0.4734490563009424
pressing	0.47342220269796303
tape	0.47335480123792467	s
flat	0.473075748427413
firend	0.473075748427413
skydiving	0.4727308294210412
flyin	0.4727308294210412
fly	0.4727308294210412
collar	0.47244630562729745
loo	0.4722228578322362
mman	0.4719969253934393
smoke	0.47198893523031704
compurt	0.4716239577745245
sean	0.47129852280190393
persons.	0.47129852280190393
crim	0.47129852280190393
film	0.4712739878173881
chai	0.4711905849820058	l
planewindow	0.4710406581135977
aroplane	0.4710406581135977	l
coral	0.47092898191938476
shooter	0.47089122525295485
humaj	0.47079773375311695
dorr	0.47079773375311695
luggage	0.4705187960644741	l
peoplether	0.47024822557885937
mi	0.4702164279094557
stcik	0.4701284079009781
clay	0.4701284079009781
trai	0.4700440059185149
tark	0.4700440059185149
railwa	0.4700440059185149
strap	0.47004142956390416
ipod	0.46999997160131335	s
dir	0.46999997160131335
confused	0.46998399343100583
wear	0.46985540699288414
childreeen	0.4696353209367305
fast	0.46956125168235713
fountain	0.46954635308462656	l
luster	0.4694436931996068
folded	0.4692631242177849
concert	0.46923623376469287
glob	0.46917211067130093
coin	0.46917211067130093	s
light'	0.4690947454908846
publice	0.46908333547545217
link	0.4690624968291921
staring	0.46895227873556566
woment	0.46887058025431544
rainy	0.4688429825552236
u	0.4686026240781048
oven	0.46855710366720926
skateboard	0.4684149807260605
dining	0.46837616119154674
foo	0.4683433004462302
cuboard	0.4682924523924318
ruf	0.46825601906728853
hel	0.46825601906728853
kidnapper	0.46823221849951036
requesting	0.46816978934486164
item	0.4681454050461369
speed	0.4681374042570533
angr	0.46783455796548445
pencill	0.467686879207506
dot.	0.467686879207506
musiam	0.4675350135091251
cou[le	0.4675350135091251
talkin	0.4675023894986481
romatic	0.46748392091029994
magzine	0.46703272839042703
time	0.46692778928756473
mountain.	0.46691853860988225
fil	0.466842415608865
single	0.4668378246986098
cubic	0.4667192302201413
pink	0.4666699442913639
mae	0.4666215302834461
area	0.46651816544959435
tyre	0.46646604289075094
sink	0.4663949930187967	l
seating	0.4663739550034606
schoo	0.46626962544954054
jack-o-lantern	0.4662467748880664
knife	0.4660900261406656	s
garde	0.4660094820318974
site	0.4659810208793742
chemical	0.46596997303164744
bolt	0.46596997303164744
paintain	0.4656964229160795
bruch	0.4656964229160795
lecturing	0.46565032868551304
interior	0.4654427007917634
large	0.46536185100230937
beimng	0.4651125593932319
hillside	0.464887743306754
car'	0.464887743306754
bycile	0.46487600776603943
crayon	0.4648705491367606
plain	0.4647583927379068
flight	0.4647583927379068
woman'	0.4647232484878913
siting	0.46470121051405655
rela	0.46470121051405655
ha	0.4646671429106201
play	0.46448206924258334
tent	0.46425763544851417
tortured	0.4641944290161925
played	0.4641944290161925
outdoor	0.46386006066822005
attac	0.46380930858435887
flowe	0.4637400024643894
beverage	0.46341956344833296
som	0.46341590848445063
lace	0.4633977941438999
eyebrow	0.4633977941438999
seriousl	0.46320017106097483
it.	0.46320017106097483
prince	0.4631995502106788
windw	0.46304453932911616
discoing\	0.46294001674943275
dru	0.462883869170747
sauce	0.4627626687769252
writer	0.46247713739404417
state	0.4623518346242469
searc	0.4622455970910675
smurf	0.4618799869982497
fogg	0.4618799869982497
pofff	0.4616640211547961
openth	0.4616640211547961
holder	0.4615640354773613
evening	0.4615252274345376
bun	0.4615099255538758
whee	0.46120357622029373
loa	0.46113742413261144
hiding	0.4611085101269075
scrub	0.46108140959686067
incar	0.4610485879573316
drunken	0.4610485879573316
hero	0.460815892153626
der	0.460815892153626
act	0.460815892153626
parking	0.4607460978175397
speman	0.460681152167639
listin	0.4606754561182672
later	0.4602297181773708
papar	0.46015271760981225
mom	0.46015090356413674
apron	0.46015090356413674	s
ice	0.4600277846947175
hollywoo	0.45985954037673193
fim	0.45985954037673193
tower.	0.4598515728883036
hood	0.4596860445825296
blonde	0.4595691081489395
pile	0.45950691938676763
framing	0.45950691938676763
staff	0.4594740132103377
wing	0.4591466895513563
mend	0.4591363904089649
lonelines	0.45912377022085665
podium	0.45866066639910513
stabbe	0.4586190626629025
bitten	0.4586190626629025
walke	0.4586021937629712
besid	0.4586021937629712
help	0.4583107786405023
gran	0.45813400804317356
boxer	0.4581221303696427
too	0.45811634741789986
escape	0.4581042479053079
latter	0.45782127738484385
la	0.45781255391319914
bru	0.4577789283901644
mil	0.45743367128531964
big	0.45743367128531964
pop	0.4573802963133256
nice	0.4573802963133256
gu	0.45724974680898206
mouse	0.4572155397400094
nake	0.4571870329495768
cream	0.4571763584617225
bot	0.45700378078663445
steps.	0.4569620324435925
busine	0.45680334317755605
tha	0.45651661471214106
botile	0.4565165441356773
powe	0.45638536018487236
stoop	0.4560942380898933
upset	0.45608069285895253
messy	0.45608069285895253
washbasin	0.45607081674942507
lon	0.4559075177787279
headlight	0.4558793151597899
there	0.4557999693882957
retrait	0.45578512458229786
frien	0.45533015147183065
village	0.4552508598063769
brisk	0.4552508598063769
ladie	0.4552298205818202
trophy	0.4552028158356752
matter	0.4551974049666702
lookin	0.45497022371095125
botlte	0.4549094255870841
photoframe	0.45474150333947116	s
enjoyed	0.45472504154309135
bull	0.4546559729495883
watchin	0.4545156899082204
telivision	0.45397693469249106
news	0.45396866499971567
sweatshirt	0.4539678158990778
chair.	0.45380871223159663
deprecation	0.4537710377755249
stereo	0.45356522448934505
twelve	0.4534535433791543
printing	0.4534535433791543
nine	0.4534535433791543
arrest	0.45337450293328746
ic	0.4533259622720184
farmer	0.45322244628660147
lot	0.45320248979496397
theater	0.4531915583252231
meting	0.4530527805785723
bell	0.453039409918689
nightshirt	0.45294551087582685
author	0.45281406208362796
view	0.45257369897383604
setting	0.4521820637083521
hom	0.4521280672327921
figure	0.4519418155183393
pip	0.45186017627371067
statoin	0.45142172863434005
sliping	0.45142172863434005
felldown	0.45142172863434005
peple	0.4512236313235351
ragging	0.45113099376034643
picnic	0.4507411595604241
pensil	0.4507156862466185
misin	0.4505931889322879
bicycle	0.45049446546627536	s
parkin	0.4504152339312128
old	0.4501923243257184
tim	0.4499565258875715
date	0.4499565258875715
bill	0.4499565258875715
watched	0.4498962668427595
clohe	0.4498962668427595
athalat	0.4498962668427595
phonr	0.44989287435759656
nboard	0.44989287435759656
construction	0.4498697353300803
program	0.44942493154105784
vistin	0.4494126119514781
mam	0.4491777632626424
pathway	0.4489847608474505
bookfrae	0.4489586824188579
nighttime	0.448576853527086
handwash	0.44852906358379774
men]	0.4483629434270487
storage	0.4480724348488182
mioor	0.44802551728204143
copl	0.4479781291506778
rumm	0.4477526828494337
caming	0.4477526828494337
com	0.4476740191904169
buliding	0.44763035251826866	l
nai	0.44762252912007605
barge	0.44756831029021577
dirty	0.4475203358630685
soil	0.447345794808927
change	0.44717256433699953
3	0.44717256433699953
chid	0.4470616101546656
balloom	0.4470616101546656
tub	0.4470376153052614	l
statuary	0.4470363865320377
religion	0.4470363865320377
disbelief	0.4470349820611908
protect	0.44694675276665163
jar	0.4469101476666	s
dress	0.4466475976264433	s
toilet	0.44649837497918665	l
laughing	0.44622607076467236
movi	0.44609373937837343
vessel	0.4458280386095986
showing	0.4457986724605382
shaving	0.4457986724605382
saving	0.4457986724605382
fog	0.44556989011405995
len	0.44527832673907214
wax	0.44527817317745605
breker	0.4450117050433786
wedding	0.4449495281319074
seeping	0.44482099225404703
terrific'	0.4447377017514309
hour	0.44452163454063687
ver	0.4442923367907011
wen	0.4442591200804116
touch	0.44421130411517934
pepole	0.44421130411517934
blackboard	0.44417121973844587	l
speakin	0.44415969330038846
ware	0.44402453108220846
tin	0.443981751010252	s
alarm	0.44386601582637236
brace	0.44382402925670644
sunny	0.44326970582384545
usaa	0.4431792453505253
ital	0.4431792453505253
country	0.4431792453505253
flashlight	0.44311610984640565
veiling	0.4430508402912241
bambo	0.4426086871544481
median	0.4424706406731128
cente	0.4424706406731128
ther	0.4423609165120221
cl;a	0.4421623937199298
dancin	0.44192777429415286
helicopter	0.441813061695212
snowhill	0.44174498020379743
sx	0.4415687137513366
boart	0.441399442988106
coo	0.4412658419863856
callin	0.44105843482442164
grillgate	0.44042893575502573
suspender	0.4401168338257674
thin	0.4400195963215051
go	0.4399880949413379
maker	0.43987948464525084
painte	0.4398407558553632
vcar	0.4398296348224095
hor	0.43980395317677534
memeber	0.43968632315382783
curtai	0.439634336408567	s
council	0.43962620608365754
lap	0.4394356712678307
forehead	0.4394240360748339
disgusted	0.4394240360748339
cord	0.43933532750019055
sutcase	0.4388504441830215
suiteca	0.4388504441830215
lakedg	0.4388504441830215
room]	0.4388397390097606
information	0.438586696831139
hidden	0.438586696831139
device	0.4385834285518229
side	0.43843066930322094
womem	0.43837456633008975
cardoor	0.43837456633008975
conversatio	0.4382892486246468
amn	0.4382427284393649
rope\	0.43803090794200944
doin	0.43797858583642174
magician	0.43767270563232524
ball	0.43739577167487864	s
ar	0.4373072631600104
technical	0.43667376724311746
error	0.43667376724311746
ambulance	0.4365785386203329
tal	0.43649840957028074
typin	0.4359106170619389
hu	0.435579959470141
track	0.4354538306634908
scanner	0.4352582112930061
alon	0.43517879273514226
supermarket	0.4349197697377139
femae	0.43483274698392577
eating	0.43476464545389476
syringe	0.4345638722689095
lifting	0.43445999966844445
behind	0.4343763095227818
backward	0.43436401355894566
mare	0.43435132532423276
clab	0.43435132532423276
canopy	0.434341189681633
pc	0.43426285766085804
puc	0.43425102142722954
jewelr	0.43425102142722954
danc	0.43412208424283005
arrow	0.4340898864477187
billboard	0.4338681959924389
bin	0.43381819560004636
triangle	0.43327016308610655
rectangle	0.43327016308610655
chating	0.433234205913344
cola	0.4330826503825671
coc	0.4330826503825671
co	0.433082140333193
scraf	0.43281276584409967
bindi	0.43269851247278696
basket	0.43263473399575103	s
snack	0.43245151784361163
apparment	0.4322571589502937
laundry	0.43208285088675175
had	0.43204929209889653
coffeee	0.4320201438263951
close	0.43201131457239544
rag	0.431947188442547
fixture	0.4318397806349948
pillo	0.4317840225854921
tabl	0.4317084295561698
tube	0.4316796027093042
sence	0.43161073958214385
manager	0.431442740279057
cleaner	0.4314261829354051
plaid	0.4313834807436552
sit	0.4312751486595927
hou	0.43093003165724597
puddle	0.43088528547813015
watchman	0.43083049513514793
band	0.43071224062386754
together	0.4306224712098441
fireplace	0.4305595639800555	l
plank	0.43053212151391584
innocent	0.4303546546543603
heater	0.43029739160695557
curb	0.43017195045886886
thro	0.4300999761031423
tenni	0.43007422463396255
cartoon	0.4299505452712165
tend	0.4298058652034887
speac	0.42979301273620646
mrrting	0.4296838593219375
dispense	0.4295104138405531
ti	0.4294657112382437
band.	0.4294657112382437
bond	0.42937361208380637
outting	0.429180684076502
surprised	0.42911305316339327
list	0.42911305316339327
fridg	0.42908332658764636
died	0.42889002228021944
classroom	0.42881400767757794	l
follow	0.42863777151120114
badge	0.42862098052156583	s
watch\	0.4284489835174135
judge	0.428058053526149
guide	0.428058053526149
charge	0.428058053526149
bowl	0.42776495205692394	s
grouding	0.42769581294318004
bullon	0.42769581294318004
alley	0.4276745530359421
antique	0.42754899976483346
nurse	0.4272055058621731	a
trivin	0.42716380701977125
detective	0.42716380701977125
granny	0.4270531776331872
happ	0.42689392131444787
outsid	0.42687223606659436
bel	0.4266708767447708
tent.	0.4263396856866013
canva	0.4263396856866013
beggar	0.4263396856866013
stool	0.42614050234252654	l
question	0.4259895005564111
ask	0.4259895005564111
publi	0.42594754794591205
natura	0.42594754794591205
greying	0.4258912779720575
sid	0.42572693640602693
teach	0.4256194757038698
hi	0.4256194757038698
peta	0.4256115584314399
western	0.4255267716021081
blade	0.4255267716021081
bluur	0.42540196918383244
creative	0.4251863321687566
formal	0.42502267056964466
amerrica	0.42502267056964466
pair	0.42498759074302994
lov	0.42498759074302994
llove	0.42498759074302994
graphite	0.4248446152753906
thoughtfully	0.4247849938387879
purple	0.4246763901272921
fixing	0.4246594864225323
snowglas	0.42447039010399346
glacier	0.42447039010399346
broke	0.4244039193370198
weed	0.4241671144892348
couched	0.4241522180831388
journey	0.4241497064825669
oil	0.42409133071485655
skyscraper	0.42402829079229803	l
fall	0.4240045282891218
mane	0.42397870014906497
dinne	0.4239766640186097
speec	0.42393414194243706
men\	0.42393414194243706
convince	0.42389056609645054
biy	0.42389056609645054
read	0.4237758605275929
gentlemen	0.42324117676612744
ripped	0.4231025755441703
stethoscope	0.42299258922011806
flim	0.4229593297532087
arguman	0.4229593297532087
trip	0.42280058175894464
gros	0.4225388452978164
teapot	0.42246385735007314
torch	0.42205805919872247	s
wmneb	0.42169708671240896
sealing	0.42169708671240896
explain	0.42169708671240896
enquar	0.4214758806088981
wreath	0.4213943776931779	s
rummaging	0.42130025323306186
finding	0.42130025323306186
carriage	0.42119819115246
shaked	0.42111436837757255
shake	0.42111436837757255
bottl	0.42106676012857014
licht	0.4210280031601065
yar	0.42066420079085304
lan	0.42066420079085304
attack	0.42062160251721015
payphone	0.42057753980415147
ight	0.42057753980415147
dispal	0.42057753980415147
cleaning	0.4203877713612359
mattres	0.41979907088929796
garnden	0.41972882508604553
billow	0.419580960914135
steo	0.4195283321675827
settin	0.4195283321675827
ourdoor	0.4195283321675827
metal	0.41935405617806704
disco	0.41924561650149755
performence	0.4192270715838637
battle	0.41919471133062713
lif	0.41918783558259276
technology	0.4190360370823007
official	0.4190360370823007
importance	0.4190360370823007
necklance	0.41885504078103963
yamica	0.4184914427767553
bishop	0.4184914427767553
mwn	0.41831165758093874
restauran	0.4182185920065427
fried	0.4182185920065427
enjoyin	0.4182185920065427
cantin	0.4182185920065427
sir	0.41814098616854967
slot	0.41777462090518475
ledge	0.41777462090518475
ironing	0.417574150124499
call	0.417574150124499
mesh	0.41756688796746777
male'	0.41756688796746777
electrical	0.41743794114371474
bowti	0.4173340583195933
pond	0.4170998656660478	l
doily	0.4170840139902269
bunny	0.4170840139902269	a
liste	0.4170339306319189
skating	0.41702951231288343
girlie	0.41702951231288343
joystick	0.4169902414309888
fole	0.4169902414309888
earing	0.41666671429189467	s
mountai	0.41657294804102885
cheer	0.4165713391202547
bridesmaid	0.41639476499879324
bridegroom	0.41639476499879324
barricade	0.4163520980398529
duvet	0.4161617614920509
daughte	0.4160880855350367
benck	0.41586737813001734
wer	0.41561452202027604
someon	0.41546534509115995
binocula	0.41546534509115995
binacooler	0.41546534509115995
inceptio	0.41542111403864945
gentelman	0.41542111403864945
ment	0.41536826081069667
1963	0.41528955478327567
top	0.41526911040214937
rol	0.41513751820187184
piow	0.41513751820187184
sidwealk	0.41506505543199246
tarp	0.415054309247456
hardhat	0.415054309247456
booth	0.41491186481370007
mo	0.4148588577134963
casino	0.41480290883752113
jump	0.4146227932337685
hesitation	0.4146227932337685
ordinanc	0.41431403599123884
encourag	0.41431403599123884
baloon	0.41416269164846103	s
lightlamp	0.4141279354236512	s
treatment	0.4137687248567019
shy	0.4137283793760128
en	0.4136726162075636
theft	0.4136194077649721
jet	0.4136139023072275
helicopte	0.4136139023072275
beer	0.4136101887875838	s
buiding	0.4134702208951788
antenna	0.4134702208951788
netting	0.412772230234909
explaining	0.4126338106417074
unconsciou	0.4124800993047103
dange	0.4124800993047103
cliff	0.41245895046094033
master	0.41244974639257764
sleep.chair	0.412446120744388
breaker	0.41226363747062444
reflection	0.4120869590881214
carton	0.4118921814785419
canister	0.4118655386840535
porch	0.41186146690787334	l
sleepimnd	0.4117661183790068
badroom	0.4117661183790068
po	0.41167998500278424
gra	0.41162975091516146
juke	0.4116270922461863
jag	0.4116270922461863
lampbook	0.411603829615401
amazing	0.411603829615401
teacher	0.4115151816618626
reactio	0.41148620497129984
confusing	0.41148620497129984
decorativ	0.41147012981805786
discus	0.4111412456279004
je	0.4109544381316303
spike	0.41094758687679184
bungloo	0.4105450061181162
computr	0.4105241057475985
thinkin	0.41044707124068147
waitin	0.4101601624092051
distressed	0.41013877198544396
vaccation	0.410084415105947
tur	0.4099584567148581
playin	0.4099584567148581
injury	0.40972676053911866
aid	0.40972676053911866
shobha	0.4097028013747354
cupboar	0.4097028013747354
plu	0.4096410489050643
bulleti	0.40962400476618416
pilllow	0.40956480685244295
candel	0.40927417613211875	s
styl	0.4090852364167054
romancing	0.4090852364167054
tiffe	0.4089928862142848
checing	0.4089928862142848
coke	0.4087978704968051
hal	0.4087320131608877
news[paper	0.4086669518649613
discues	0.4086012853529141
decision	0.4086012853529141
mak	0.4085878776962434
breck	0.4085878776962434
adul	0.4083341998658646
liquid	0.40829609395126076
cotton	0.40822743866438266
fla	0.407817299775671
bridg	0.4076520455792316
urinal	0.40763730731929415
basin	0.40763730731929415
pra	0.40761745751697354
pool.man	0.40761745751697354
dolphine	0.40761745751697354
offe	0.4071017375034287
md	0.4071017375034287
chei	0.4071017375034287
croud	0.4070983480708286
offic	0.4070631658197674
driven	0.4068879117012516
cli	0.4068624645029339
cahir	0.40673029529899046
presh	0.4064966434330505
swimin	0.4064705155912495
poool	0.4064705155912495
run	0.40636094446352267
friedn	0.40629412181288627
fight\	0.40629412181288627
mena	0.40622837742553736
deal	0.40622837742553736
sticker	0.40622328671706953	s
costume	0.4061762750741977	s
criminal	0.40599090677901506
corps	0.40599090677901506
queu	0.4056599389342143
lin	0.4056599389342143
form	0.4056599389342143
liquor	0.40558448218894116	s
mirro	0.4053496360634067
reaching	0.40518241091616
stove	0.40493775858031894
handstick	0.40488317205620955
cot	0.4048782147531454
pier	0.40453928207146833
scaffold	0.40434159480058635
rivet	0.40434159480058635
thi	0.4040803616955476
siren	0.4037547910138183
polce	0.4037547910138183
portman	0.4032132174514093
natali	0.4032132174514093
firl	0.4032132174514093
servic	0.40312087919041817
costome	0.40312087919041817
center	0.40312087919041817
candi	0.40312087919041817
streak	0.4031145546361209
teenager	0.40304685736432583
boob	0.4028249346287251
sheetbelt	0.40242776283785187
curl	0.4022410427131746
infron	0.40220889151959494
watter	0.4018919252772184
temper	0.401752999432303
kady	0.4012560460280218
title	0.4012141471817228
worksho	0.4011823360369373
visitin	0.4011823360369373
showcase	0.4010230142231549
colleg	0.40096240878252176
exi	0.40082561721455573
aer	0.40082561721455573
outlet	0.4005816191695874
praying	0.40054168943948704
america	0.4002281152067464
lettering	0.3999995659992743
skull	0.3999102155663092
staine	0.3998696252395113
cathedral	0.3998696252395113
neckalace	0.39976479783382335
turban	0.39971625804106053
swinging	0.39966709797727185
swin	0.39966709797727185
feather	0.3995545701913876
famil	0.39941325713977466
nec	0.39933123672356713
skirt	0.39930606359856835
detergemt	0.39930606359856835
countertop	0.39930606359856835
glasses	0.39916074940290097	s
c	0.3991260118436047
tunne	0.3990605522801442
scripture	0.3990605522801442
desert	0.3988495953066455
encourage	0.3985128043122324
blurre	0.3984767578403609
blook	0.3984767578403609
bear	0.3981767836370209
firestone	0.3981272575448365
baner	0.3981272575448365
eac	0.3981093101586585
ki	0.3979907432283204
enjoy	0.3978924975820951
army	0.3976087780909902
mqan	0.3976045197360361
jee	0.3976045197360361
retaile	0.3975074646786438
purching	0.3975074646786438
deny	0.39735202909964784
t-shirt	0.3973021113833758	s
check	0.39711663280179726
walkin	0.3966168997775071
joy	0.39648204156860634
te	0.3963335457447113
taval	0.3962999334309009
fiber	0.3962999334309009
disgu	0.3962999334309009
apple	0.39621435329551535	s
headlamp	0.39618884725422526
frowning	0.396034684825485
wall'	0.3957452938366513
locket	0.3957269024900002
bigman	0.3957269024900002
l;ady	0.3956361418254651
coud	0.3956361418254651
pictureframe	0.3954214750480167
cigrette	0.39534609064003334
stretcher	0.3952744333193323
hospita	0.3952744333193323
jacke	0.3952724965569912
gold	0.39526641759838455
cutting	0.3952253326040135
ente	0.3951978771097095
toe	0.3949836702686868
rise	0.3949836702686868
floating	0.3949836702686868
feed	0.3949836702686868
violence	0.39483467814789913
creek	0.39483467814789913
sorry	0.3946412623159241
di	0.394530479459307
clothesline	0.394530479459307
clothes.	0.394530479459307
trinket	0.39420091103319377
cracking	0.3941874667256361
circu	0.3939295990610205
earrin	0.3937103374455738
dre	0.3930922692829418
bathplace	0.3930922692829418
torc	0.3928413800701055
onl	0.3928413800701055
chair'	0.392311272410233
mos	0.3923099564313367
frustration	0.3923099564313367
settle	0.39209020010907963
racket	0.39209020010907963
footbal	0.3920580961329438
migrate	0.39196678388499095
rop	0.3918270544157827
ctool	0.39166318771426134
stain	0.39142350760836686
nobpassion	0.39142350760836686
bloo	0.39142350760836686
bathtube	0.39142350760836686
beak	0.39140742858096894
plat	0.3913750684693447
artificial	0.3913682409616086
slide	0.39113489289441333
digita	0.39113489289441333
watcher	0.39077215970483176
punch	0.39077215970483176
scor	0.39065147621573537
e	0.39065147621573537
borad	0.39065147621573537
plane	0.39055446152294765	l
sky.	0.3904226476656914
comey	0.3904226476656914
electron	0.39037385355631327
phonograph	0.3902450643649922
peron	0.3902450643649922
runner	0.39008945443765825
place\	0.39008945443765825
sow	0.3897722731817631
fashio	0.3897722731817631
stantion	0.3896960090953912
orchesta	0.3896960090953912
artist	0.3896960090953912
mausoleum	0.3895677950568822
gloom	0.3895677950568822
buried	0.3895677950568822
restatrunt	0.389518399449201
combine	0.38866957048891076
televison	0.3884844397297177
lightbulb	0.3884223239064645	s
bone	0.38832555810404773
felt	0.3880318219235736
headboard	0.38752842587336817
mai	0.38703090931168604
server	0.3866227673864041
rtelaxing	0.38656483261160907
hairband	0.38651439585019853
cell	0.3864266222258945
ski	0.3863406326850458
bicycl	0.3862120318608556
dreamland	0.38564741686376464
birdeg	0.38564741686376464
kart	0.3855367389767227
world	0.3855139733863451
earth	0.3855139733863451
datum	0.3855139733863451
kerchief	0.38509040190289007
bus	0.3845207386683449	l
parachute	0.3841110222036111
scope	0.384016442752209
bioscope	0.384016442752209
binoculor	0.384016442752209
wrote	0.3834715374312289
harmony	0.3834715374312289
safety	0.3831820085399148
exist	0.3831820085399148
airplane	0.3831763747809183
off	0.3828612600158705
foliage	0.3828612600158705
drain	0.3828612600158705
twoman	0.38278332088156436
threewomen	0.38278332088156436
mna	0.38270022011103866
stonewall	0.3823651308738062
decoratio	0.382360556911736
unused	0.3823330113392559
license	0.3823330113392559
gground	0.38232987641462957
boll	0.38232987641462957
kettle	0.3821957528983403	s
drug	0.3821464063945573
wor	0.38187684437587444
wondow	0.38187684437587444
orange	0.38158135405787086
doubt	0.3814086076522946
deck	0.3814086076522946
jam	0.38133577253732515
hose	0.3812593357635918
fully	0.3812593357635918
burning	0.3812593357635918
blazing	0.3812593357635918
baske	0.38125269773195225
partition	0.3811209132310207
buoy	0.3809463745567226
row	0.3808390387617641
marage	0.3808390387617641
funtion	0.3808390387617641
ballo	0.3808390387617641
lab	0.38031395396303735	l
laying	0.3802852591600688
him	0.3802553303567964
teacu	0.38006984060254306
plater	0.38006984060254306
kitche	0.38006984060254306
corrugated	0.37987270284002184
football	0.37979870373225544
motel	0.37967384641307667
drunk	0.37967384641307667
2	0.37967384641307667
studient	0.37965015272657326
garde\n	0.37965015272657326
flame	0.3795977905847727
napki	0.37950670836650896
pau	0.3794712388673445
maure	0.3794712388673445
exhibitio	0.3794712388673445
far	0.3790253600707486
singh	0.3789271569730514
alcoho	0.3789271569730514
shadow.	0.37891870841387654
prank	0.37891485750418163
ponytail	0.37890800569653654
pendant	0.37890800569653654	s
stop	0.37888160267875054
kitten	0.37888160267875054
tel	0.3787728161353821
aunt	0.3787728161353821
opening	0.37854246614699066
mideva	0.37854246614699066
cellphon	0.37850883110240263
robery	0.37850371182116416
iro	0.378186296836146
persom	0.37815004496277066
marking	0.3778545739357615
empt	0.3776532464836015
dolphin	0.37762120373012337	a
fo	0.37757918389594597
paperwork	0.37743238142890917
figh	0.37743238142890917
bullet	0.3769423553407893
out	0.3769217700687042
coco-col	0.3769217700687042
pastor	0.37676357573575725
brash	0.37658286948873215
winter	0.37627082085141966
pedestrian	0.37627082085141966
majesty	0.375851154802682
refuse	0.37488255123377856
lose	0.37488255123377856
ironic	0.37488255123377856
tricycle	0.37463046793788835	l
chord	0.37463046793788835
participate	0.3745015412536271
sing	0.3744107497299123
kareoke	0.37441064008594016
fuckin	0.37441064008594016
stike	0.3743741356535011
hur	0.3743741356535011
environment	0.3742496608549724
tap	0.3739741694844604
tranformer	0.37384802514952226
oilpump	0.37384802514952226
electricity	0.37384802514952226
curren	0.37384802514952226
bedsheet	0.3734674988167731
ou	0.37344966599347823
lader	0.3729623131618516
ladde	0.3729623131618516
hamme	0.3729623131618516
g	0.37255408564427717
eat	0.3724949449844695
shark	0.37243480954533636	a
fisherman	0.37243480954533636	a	u
point	0.3723380408331122
crossing	0.3723380408331122
guard	0.3720969822537864
airport	0.37204451173086267
stag	0.37164836376643806
paet	0.37164836376643806
lion	0.37164836376643806	a
assembly	0.37164836376643806
vyoline	0.3716264780955088
targe	0.3711637832999483
cr	0.3711637832999483
carseat	0.37075511019027063
replace	0.37070855332575686
dump	0.37070855332575686
displaying	0.3705192904694795
cannot	0.3705192904694795
temple	0.37044352844423956
praye	0.37044352844423956
recover	0.37041412340614055
gathering	0.37034932280384136
mannequin	0.3703386270696465	s
jewel	0.3703300332968065
jame	0.37028148206915534
groom	0.3702554147861377
restaurunt	0.3701172440221566
pure	0.3701172440221566
hot	0.3701172440221566
bra	0.3701172440221566
br	0.3701172440221566
agr	0.36998813237231626
kissin	0.369844189337024
peopl	0.36964509962836734
mens.glove	0.3696249207353624
forest.	0.3696249207353624
fira	0.3696249207353624
morde	0.3695560251184821
curtain.	0.3695560251184821
tinnin	0.369531896918827
ben	0.36906068024195876
rat	0.3685073032359941	a
druy	0.3685073032359941
dark.paper	0.3685073032359941
measurement	0.36850402964659174
footage	0.36850402964659174
referee	0.3681851718904249
spice	0.3679227553965683
prefer	0.3679227553965683
canned	0.3679227553965683
roller	0.3678411241486497
hairroller	0.3678411241486497
curler	0.3678411241486497
woe	0.36771218484487656
serialbulb	0.36771218484487656
partyplace	0.36771218484487656
luight	0.36771218484487656
lingerie	0.36771218484487656
skate	0.3673698143843399
rai	0.3670336160672428
won	0.3669946723801363
tiered	0.3669946723801363
fee	0.3669946723801363
tough	0.36691537606575525
sari	0.36691537606575525
her	0.36691537606575525
ache	0.36689079833253274
stall	0.3664436528261332
peral	0.3660217091514233
drumstick	0.3660148172449008
cubicle	0.36596448842413437
sunset	0.3655598987684647
athlete	0.3655598987684647
leaf'	0.3652683937685005
wint	0.3652669100172546
steet	0.3652669100172546
pharmacy	0.36511261553432517
spql	0.3650985030534758
specia	0.3650985030534758
scepture	0.3650985030534758
emblem	0.3650985030534758
plac	0.3643700019959852
soffa	0.364020599193753
headban	0.3638420216857299
foundtain	0.3638420216857299
asphlat	0.3638420216857299
hedge	0.36344016982330735
frucit	0.36335129273877625
war	0.363339913901706
knight	0.363339913901706	a
armor	0.363339913901706	s
til	0.3631514026136138
stocking	0.3631514026136138
bathroo	0.3631514026136138
ballerin	0.3631514026136138
toothpick	0.3629838302091399
militaryman	0.3629838302091399
budge	0.3629838302091399
cub	0.36297070688844796
history	0.36287881024864554
courtyard	0.36287881024864554
fencing	0.36231664124107593
tiffin	0.3621441300056584
sunglasse	0.36159188857820657
mirrir	0.36159188857820657
glass.	0.36159188857820657
conditioner	0.36157817016508786
viola	0.36101858085236443	s
starter	0.36093277960299147
cable	0.36073719351898975
spun	0.36040289874652914
earpiece	0.36024390890352087
thermostat	0.3589765220461352
prin	0.3589765220461352
finge	0.3589765220461352
slum	0.35895303912136084	l
graffitti	0.35895303912136084
ac	0.35890553320138774
daughter	0.3587514937010715
soa	0.35859418537183796
pilot	0.35752801537304707	a	u
cockpit	0.35752801537304707
airplan	0.35752801537304707
interio	0.35621462482771443
credit	0.355252163249146
eatin	0.35461459202367784
hostel	0.3545648567764787	l
helicam	0.3539503489529113
google	0.3539503489529113
backbag	0.3539503489529113
chasing	0.35388176549704214
greeting	0.3538205698873722
collage	0.3538205698873722
waterbody	0.3537508267008119
hairbow	0.3537508267008119
yard	0.3537023518646683
smog	0.3537023518646683
yellow	0.35343672899810435
ned	0.3534337664236499
lauging	0.3534337664236499
enjoyment	0.3534337664236499
phone.	0.3534268127722101
signing	0.3533715371562436
patron	0.3533715371562436
celebration	0.35281338812298535
professional	0.3522922534301707
enthusiasm	0.3522922534301707
rupee	0.3520658090085327
dollar	0.3520658090085327
currenc	0.3520658090085327
leather	0.35191816411516474
fishdank	0.3518526130180894
award	0.35120405683591843
meter	0.35119617643775164	s
ligt	0.35119617643775164
electri	0.35113317664565324
glasse	0.3510343734018148
snake	0.35097409295566484	a
neo	0.3506499160877474
crop	0.35060886976253935
countr	0.35060886976253935
mill	0.3500256152244644
guest	0.3497940105738721
flowers.	0.3497940105738721
wreckage	0.34950861571080233
scenary	0.34950861571080233
robot	0.3489799635696909
jukebox	0.3489799635696909
coup[le	0.3489799635696909
hairty	0.3487093999692789
musical	0.34828667622900783
envelope	0.34828667622900783
admission	0.34828667622900783
sal	0.3481919117464162
peppe	0.3481919117464162
hanger	0.3481451550079093
tailorin	0.348011686885307
swein	0.348011686885307
sewin	0.348011686885307
hag	0.348011686885307
fort	0.34767188420650474
empir	0.34767188420650474
reporter	0.34744478341490864
ferry	0.34744478341490864
came	0.34744478341490864
seek	0.3471437305998065
hid	0.3471437305998065
trone	0.34693520588745896
scrapper	0.34693520588745896
cushion	0.3466519568495482	s
silverware	0.34653633211273804	s
vessic	0.3461505714220574
stevenson	0.3461505714220574
pearso	0.3461505714220574
parasu	0.3461505714220574
parashoot	0.3461505714220574
nei	0.3461505714220574
musi	0.34581732954036964
bathtub	0.3457693704228301
umbrell	0.345648743966095
sho	0.345648743966095
paining	0.345648743966095
tak	0.345035120839896
santhiy	0.345035120839896
botl	0.345035120839896
thie	0.34482206071114674
ireland	0.34482206071114674
spectator	0.3447146527996048
blond	0.34458652975704945
printe	0.344486614337467
mail	0.344486614337467
repair	0.3438130654264807
shac	0.3437821472802833
trashcan	0.34374611118041265
tomato	0.34374611118041265
cooldrink	0.34374611118041265
marry	0.34339738995739366
80	0.3432518945970824
meta	0.34319646039106305
numbe	0.3430905311381827
tedy	0.3429427058362096
carr	0.3429427058362096
sandal	0.3427831410811227
palm	0.3427831410811227
dead	0.3427831410811227
weapon	0.34276099155168405
eraser	0.3427214451052883
equation	0.3427214451052883
shoppin	0.34257794539884456
chocolate	0.34257794539884456
bil	0.34257794539884456
napkin	0.3422043358626915	s
mansion	0.3415631478311895
blockade	0.3415631478311895
havin	0.3415598005306312
childer	0.3415598005306312
stretching	0.34128963879027385
slip	0.34128963879027385
match	0.34109070953874715
pan	0.3401749338853218
golde	0.33823118627685045
mick	0.3380635337335673
push	0.33801433424763755
owe	0.33801433424763755
entered	0.33801433424763755
tortoise	0.3376894924475376
hairstick	0.3376894924475376
deoration	0.3376894924475376
scattered	0.33705871857461783
flora	0.33705871857461783
suga	0.3361736615630938
insulation	0.3361736615630938
cak	0.3361736615630938
gamneboard	0.3361005472457914
wan	0.3360363147076284
quit	0.3360363147076284
live	0.3360363147076284
don't	0.3360363147076284
math	0.3356969752317542
diagram	0.3356969752317542
stai	0.33472392783847227
persn	0.33472392783847227
barrier	0.33472392783847227
terminal	0.33439473801786374
laguag	0.33439473801786374
conveyer	0.33439473801786374
claim	0.33439473801786374
baggag	0.33439473801786374
airpor	0.33439473801786374
bat	0.3330166523986213
rummy	0.33294364518641234
poker	0.33294364518641234
gambler	0.33294364518641234
yarn	0.3324472212731775
tread	0.3324472212731775
thread	0.3324472212731775
knitting	0.3324472212731775
tra	0.3322055163083827
dryer	0.3322055163083827
utensil	0.332189683276443
ocurt	0.33188743605348925
judiciar	0.33188743605348925
female.lamp	0.33188743605348925
dinnin	0.33181478278910076
bread	0.33177437707049656
flowervase	0.33168386339692435
breifcase	0.33168386339692435
toaste	0.3311130335778733
peephole	0.3311130335778733
scenario	0.330722510029816
gan	0.330722510029816
pallet	0.3304772409755703
indicator	0.3304772409755703
chevrole	0.3304772409755703
thei	0.32965104825857544
lust	0.32965104825857544
charcoal	0.3295467337761139
cam	0.3295467337761139
tumbler	0.3291419616409746
pamplet	0.3288088881430316
child.on	0.3288088881430316
biscuit	0.3288088881430316
sic	0.32866260656587504
glucose	0.32866260656587504
pocketbook	0.3285566796805506
dish	0.3271174925253697	s
microwav	0.32632430235048165
stoplight	0.32565172513451834
crosswalk	0.32565172513451834
pon	0.32522760893513764
waitres	0.32490132110906494
battler	0.32490132110906494
frui	0.3232563649484074
doorwa	0.3232563649484074
handrope	0.3225995872744799
girh	0.3225995872744799
braelet	0.3225995872744799
hoter	0.3212404496898042
garbag	0.3212404496898042
tissu	0.3204148685468309
teacup	0.3196197395287254
slipper	0.3196197395287254
ai	0.31949293452111416
headset	0.31913611052738633	s
streey	0.31902142281749174
nihgt	0.31902142281749174
hurt	0.31902142281749174
chalk	0.31750083873529206
speecn	0.31710985657094454
fle	0.31710985657094454
advertiseman	0.31710985657094454
sewing	0.3161743979408331
sig	0.31583721341601056
bee	0.31418029250532636	a
fu	0.31378782226944923
decore	0.31378782226944923
sohe	0.31264205435038184
railyard	0.31264205435038184
table'	0.3119509416308247
shelving	0.3119509416308247
salad	0.3119509416308247	s
nightlamp	0.3119509416308247
hold	0.3119509416308247
planter	0.3114349015253657
umpire	0.3056224334302894
catcher	0.3056224334302894
meal	0.3053575594212598	s
fou	0.3044765792625985
clot	0.3044765792625985
chait	0.3038703665260898
trainin	0.30262056584820096
reflectiv	0.30262056584820096
advertisement	0.30262056584820096
pompom	0.3016800955574884
cheerleader	0.3016800955574884
basebaal	0.3016800955574884
milk	0.3014159307839942	s
refridgerator	0.3001518533269443
cricke	0.3001518533269443
exampad	0.29869707121026673
clipboard	0.29869707121026673
aircondition	0.29869707121026673
weighing	0.2980291903115058
ladle	0.2980291903115058
cook	0.2980291903115058
crost	0.29779159494352647
cafe	0.29779159494352647	l
hanging	0.29706082863791117
neighborhood	0.2956689399374546
compound	0.2956689399374546
lampost	0.2951717419167181
compoun	0.2951717419167181
pilo	0.2933117213388277
outfit	0.2933117213388277
mnw	0.2933117213388277
corp	0.2933117213388277
coffeemug	0.29249188314725827
heel	0.29231264962172654
figurine	0.29231264962172654
bakery	0.2921578527239201	l
employee	0.29068999904533
onion	0.2902213061422916
banana	0.2902213061422916
chalkboard	0.287988874724671
minitor	0.28737801990994644
teache	0.28437219393790736
biolog	0.28437219393790736
victim	0.28360533474159116
unifor	0.28360533474159116
helicoptor	0.28360533474159116
camo	0.28360533474159116
baseball	0.2831319146679816
tape-recorded	0.28167174956688223
recorder	0.28167174956688223
ni=othung	0.28167174956688223
cd	0.28167174956688223
cassete	0.28167174956688223
butto	0.28167174956688223
audi	0.28167174956688223
voilin	0.28134670696421543
violine	0.28134670696421543
studium	0.28134670696421543
musician	0.28134670696421543
musica	0.28134670696421543
intument	0.28134670696421543
audiora	0.28134670696421543
sharpener	0.28073388257637993
peopledoor	0.28073388257637993
jersey	0.28035095220211503	s
team	0.27947969039351966
jaket	0.279193035269081
cerimony	0.279193035269081
scooter	0.27806391032805167	l
wher	0.27721888048047943
privat	0.27721888048047943
ashame	0.27721888048047943
li	0.2728473899165794
jacker	0.2728473899165794
hangin	0.2728473899165794
blazer	0.2728473899165794	s
chit	0.27178996541044537
butterfl	0.27178996541044537
utensile	0.270967631436048
goa	0.26822590967181903
cleat	0.26822590967181903
cubical	0.2639259684170105
bluetoot	0.2639259684170105
air-condition	0.26184816268383376
shoet	0.2578382893036616
phine	0.2578382893036616
limb	0.2578382893036616
headphon	0.2578382893036616
earphone	0.2578382893036616	s
toliet	0.2562994253559772
shower	0.2562994253559772
floo	0.2562994253559772
europea	0.2562994253559772
shofa	0.25019860895254814
parent	0.25019860895254814
indoo	0.25019860895254814
arrangement	0.25019860895254814
washer	0.24819092135553614
dishwashe	0.24819092135553614
cutlery	0.24819092135553614
silve	0.24671547291298457
salt	0.24671547291298457
pepper	0.24671547291298457	s
gent	0.24671547291298457
dinnerware	0.24671547291298457
